<?xml version="1.0" encoding="UTF-8"?>
<!-- Generated by org.testng.reporters.JUnitReportReporter -->
<testsuite hostname="FFE-Shilpa-J" failures="0" tests="1" name="org.automation.test_script.RemoveFromWishlistTest" time="5.946" errors="0" timestamp="2024-04-25T11:57:15 IST" skipped="0">
  <testcase classname="org.automation.test_script.RemoveFromWishlistTest" name="verify_User_Is_Able_To_Add_Product_To_Wishlist" time="5.946"/>
  <system-out>
    <![CDATA[Books Page Displayed
Fiction Ex Product Page Displayed
Wish List Page Displayed
verify_User_Is_Able_To_Add_Product_To_WishList Test Case Pass..]]>
  </system-out>
</testsuite> <!-- org.automation.test_script.RemoveFromWishlistTest -->
