<?xml version="1.0" encoding="UTF-8"?>
<!-- Generated by org.testng.reporters.JUnitReportReporter -->
<testsuite hostname="FFE-Shilpa-J" failures="0" tests="1" name="org.automation.test_script.LoginTest" time="5.974" errors="0" timestamp="2024-04-25T11:57:15 IST" skipped="0">
  <testcase classname="org.automation.test_script.LoginTest" name="testCase" time="5.974"/>
  <system-out>
    <![CDATA[Login Page is  Displayed..
Home Page is  Displayed..]]>
  </system-out>
</testsuite> <!-- org.automation.test_script.LoginTest -->
